beakpeek/build/app/intermediates/manifest_merge_blame_file/debug/manifest-merger-blame-debug-report.txt
1<?xml version="1.0" encoding="utf-8"?>
2<manifest xmlns:android="http://schemas.android.com/apk/res/android"
3    package="com.example.beakpeek"
4    android:versionCode="1"
5    android:versionName="1.0.0" >
6
7    <uses-sdk
8        android:minSdkVersion="21"
9        android:targetSdkVersion="34" />
10    <!--
11         The INTERNET permission is required for development. Specifically,
12         the Flutter tool needs it to communicate with the running application
13         to allow setting breakpoints, to provide hot reload, etc.
14    -->
15    <uses-permission android:name="android.permission.INTERNET" />
15-->src/debug/AndroidManifest.xml:6:5-66
15-->src/debug/AndroidManifest.xml:6:22-64
16    <!--
17     Required to query activities that can process text, see:
18         https://developer.android.com/training/package-visibility and
19         https://developer.android.com/reference/android/content/Intent#ACTION_PROCESS_TEXT.
20
21         In particular, this is used by the Flutter engine in io.flutter.plugin.text.ProcessTextPlugin.
22    -->
23    <queries>
23-->src/main/AndroidManifest.xml:39:5-44:15
24        <intent>
24-->src/main/AndroidManifest.xml:40:9-43:18
25            <action android:name="android.intent.action.PROCESS_TEXT" />
25-->src/main/AndroidManifest.xml:41:13-72
25-->src/main/AndroidManifest.xml:41:21-70
26
27            <data android:mimeType="text/plain" />
27-->src/main/AndroidManifest.xml:42:13-50
27-->src/main/AndroidManifest.xml:42:19-48
28        </intent>
29        <intent>
29-->[net.openid:appauth:0.11.1] AndroidManifest.xml:25:9-31:18
30            <action android:name="android.intent.action.VIEW" />
30-->[net.openid:appauth:0.11.1] AndroidManifest.xml:26:13-65
30-->[net.openid:appauth:0.11.1] AndroidManifest.xml:26:21-62
31
32            <category android:name="android.intent.category.BROWSABLE" />
32-->[net.openid:appauth:0.11.1] AndroidManifest.xml:28:13-74
32-->[net.openid:appauth:0.11.1] AndroidManifest.xml:28:23-71
33
34            <data android:scheme="https" />
34-->src/main/AndroidManifest.xml:42:13-50
35        </intent>
36    </queries>
37
38    <application
39        android:name="android.app.Application"
40        android:appComponentFactory="androidx.core.app.CoreComponentFactory"
40-->[androidx.core:core:1.6.0] AndroidManifest.xml:24:18-86
41        android:debuggable="true"
42        android:icon="@mipmap/ic_launcher"
43        android:label="beakpeek" >
44        <activity
45            android:name="com.example.beakpeek.MainActivity"
46            android:configChanges="orientation|keyboardHidden|keyboard|screenSize|smallestScreenSize|locale|layoutDirection|fontScale|screenLayout|density|uiMode"
47            android:exported="true"
48            android:hardwareAccelerated="true"
49            android:launchMode="singleTop"
50            android:taskAffinity=""
51            android:theme="@style/LaunchTheme"
52            android:windowSoftInputMode="adjustResize" >
53
54            <!--
55                 Specifies an Android theme to apply to this Activity as soon as
56                 the Android process has started. This theme is visible to the user
57                 while the Flutter UI initializes. After that, this theme continues
58                 to determine the Window background behind the Flutter UI.
59            -->
60            <meta-data
61                android:name="io.flutter.embedding.android.NormalTheme"
62                android:resource="@style/NormalTheme" />
63
64            <intent-filter>
65                <action android:name="android.intent.action.MAIN" />
66
67                <category android:name="android.intent.category.LAUNCHER" />
68            </intent-filter>
69        </activity>
70        <!--
71             Don't delete the meta-data below.
72             This is used by the Flutter tool to generate GeneratedPluginRegistrant.java
73        -->
74        <meta-data
75            android:name="flutterEmbedding"
76            android:value="2" />
77
78        <uses-library
78-->[androidx.window:window:1.0.0-beta04] AndroidManifest.xml:25:9-27:40
79            android:name="androidx.window.extensions"
79-->[androidx.window:window:1.0.0-beta04] AndroidManifest.xml:26:13-54
80            android:required="false" />
80-->[androidx.window:window:1.0.0-beta04] AndroidManifest.xml:27:13-37
81        <uses-library
81-->[androidx.window:window:1.0.0-beta04] AndroidManifest.xml:28:9-30:40
82            android:name="androidx.window.sidecar"
82-->[androidx.window:window:1.0.0-beta04] AndroidManifest.xml:29:13-51
83            android:required="false" />
83-->[androidx.window:window:1.0.0-beta04] AndroidManifest.xml:30:13-37
84
85        <activity
85-->[net.openid:appauth:0.11.1] AndroidManifest.xml:35:9-40:77
86            android:name="net.openid.appauth.AuthorizationManagementActivity"
86-->[net.openid:appauth:0.11.1] AndroidManifest.xml:36:13-78
87            android:configChanges="screenSize|smallestScreenSize|screenLayout|orientation|keyboard|keyboardHidden"
87-->[net.openid:appauth:0.11.1] AndroidManifest.xml:37:13-115
88            android:exported="false"
88-->[net.openid:appauth:0.11.1] AndroidManifest.xml:38:13-37
89            android:launchMode="singleTask"
89-->[net.openid:appauth:0.11.1] AndroidManifest.xml:39:13-44
90            android:theme="@style/Theme.AppCompat.Translucent.NoTitleBar" />
90-->[net.openid:appauth:0.11.1] AndroidManifest.xml:40:13-74
91        <activity
91-->[net.openid:appauth:0.11.1] AndroidManifest.xml:41:9-52:20
92            android:name="net.openid.appauth.RedirectUriReceiverActivity"
92-->[net.openid:appauth:0.11.1] AndroidManifest.xml:42:13-74
93            android:exported="true" >
93-->[net.openid:appauth:0.11.1] AndroidManifest.xml:43:13-36
94            <intent-filter>
94-->[net.openid:appauth:0.11.1] AndroidManifest.xml:44:13-51:29
95                <action android:name="android.intent.action.VIEW" />
95-->[net.openid:appauth:0.11.1] AndroidManifest.xml:26:13-65
95-->[net.openid:appauth:0.11.1] AndroidManifest.xml:26:21-62
96
97                <category android:name="android.intent.category.DEFAULT" />
97-->[net.openid:appauth:0.11.1] AndroidManifest.xml:47:17-76
97-->[net.openid:appauth:0.11.1] AndroidManifest.xml:47:27-73
98                <category android:name="android.intent.category.BROWSABLE" />
98-->[net.openid:appauth:0.11.1] AndroidManifest.xml:28:13-74
98-->[net.openid:appauth:0.11.1] AndroidManifest.xml:28:23-71
99
100                <data android:scheme="com.redirectScheme.comm" />
100-->src/main/AndroidManifest.xml:42:13-50
101            </intent-filter>
102        </activity>
103    </application>
104
105</manifest>